[debug] [2025-11-05T04:43:18.586Z] ----------------------------------------------------------------------
[debug] [2025-11-05T04:43:18.588Z] Command:       /opt/homebrew/Cellar/node@20/20.19.5/bin/node /opt/homebrew/bin/firebase deploy --only hosting
[debug] [2025-11-05T04:43:18.588Z] CLI Version:   10.0.1
[debug] [2025-11-05T04:43:18.588Z] Platform:      darwin
[debug] [2025-11-05T04:43:18.588Z] Node Version:  v20.19.5
[debug] [2025-11-05T04:43:18.588Z] Time:          Tue Nov 04 2025 23:43:18 GMT-0500 (Eastern Standard Time)
[debug] [2025-11-05T04:43:18.588Z] ----------------------------------------------------------------------
[debug] 
[debug] [2025-11-05T04:43:18.618Z] Field ".functions.runtime" in "firebase.json" is possibly invalid: should be equal to one of the allowed values
[debug] [2025-11-05T04:43:18.621Z] > command requires scopes: ["email","openid","https://www.googleapis.com/auth/cloudplatformprojects.readonly","https://www.googleapis.com/auth/firebase","https://www.googleapis.com/auth/cloud-platform"]
[debug] [2025-11-05T04:43:18.621Z] > authorizing via signed-in user (leebueyo@gmail.com)
[debug] [2025-11-05T04:43:18.621Z] [iam] checking project thek-karaoke for permissions ["firebase.projects.get","firebasehosting.sites.update"]
[debug] [2025-11-05T04:43:18.622Z] > refreshing access token with scopes: ["email","https://www.googleapis.com/auth/cloud-platform","https://www.googleapis.com/auth/cloudplatformprojects.readonly","https://www.googleapis.com/auth/firebase","openid"]
[debug] [2025-11-05T04:43:18.622Z] >>> HTTP REQUEST POST https://www.googleapis.com/oauth2/v3/token  
 <request body omitted>
[debug] [2025-11-05T04:43:18.642Z] [iam] error while checking permissions, command may fail: FirebaseError: Authentication Error: Your credentials are no longer valid. Please run firebase login --reauth

For CI servers and headless environments, generate a new token with firebase login:ci
[debug] [2025-11-05T04:43:18.643Z] > refreshing access token with scopes: []
[debug] [2025-11-05T04:43:18.643Z] >>> HTTP REQUEST POST https://www.googleapis.com/oauth2/v3/token  
 <request body omitted>
[debug] [2025-11-05T04:43:18.645Z] Authentication Error: Your credentials are no longer valid. Please run firebase login --reauth

For CI servers and headless environments, generate a new token with firebase login:ci
[debug] [2025-11-05T04:43:18.650Z] FirebaseError: Authentication Error: Your credentials are no longer valid. Please run firebase login --reauth

For CI servers and headless environments, generate a new token with firebase login:ci
    at invalidCredentialError (/Users/simonlee/.config/yarn/global/node_modules/firebase-tools/lib/auth.js:141:12)
    at refreshTokens (/Users/simonlee/.config/yarn/global/node_modules/firebase-tools/lib/auth.js:448:15)
    at process.processTicksAndRejections (node:internal/process/task_queues:95:5)
    at async Client.getAccessToken (/Users/simonlee/.config/yarn/global/node_modules/firebase-tools/lib/apiv2.js:146:23)
    at async Client.addAuthHeader (/Users/simonlee/.config/yarn/global/node_modules/firebase-tools/lib/apiv2.js:137:21)
    at async Client.request (/Users/simonlee/.config/yarn/global/node_modules/firebase-tools/lib/apiv2.js:93:34)
    at async Object.getFirebaseProject (/Users/simonlee/.config/yarn/global/node_modules/firebase-tools/lib/management/projects.js:290:21)
    at async Object.getDefaultHostingSite (/Users/simonlee/.config/yarn/global/node_modules/firebase-tools/lib/getDefaultHostingSite.js:8:21)
    at async requireHostingSite (/Users/simonlee/.config/yarn/global/node_modules/firebase-tools/lib/requireHostingSite.js:9:18)
    at async Object.fn (/Users/simonlee/.config/yarn/global/node_modules/firebase-tools/lib/commands/deploy.js:73:9)
    at async /Users/simonlee/.config/yarn/global/node_modules/firebase-tools/lib/command.js:188:17
[error] 
[error] Error: Failed to get Firebase project thek-karaoke. Please make sure the project exists and your account has permission to access it.
